<?xml version="1.0" encoding="utf-8"?><testsuites name="pytest tests"><testsuite name="pytest" errors="0" failures="1" skipped="0" tests="6" time="66.559" timestamp="2026-04-25T12:03:11.347528+00:00" hostname="agent-env-273d8dca-2d3d-4751-b3fd-52fb467d3dd1"><testcase classname="backend.tests.test_multipage_pdf.TestMultiPagePdf" name="test_three_page_pdf_combined" time="21.337" /><testcase classname="backend.tests.test_multipage_pdf.TestMultiPagePdf" name="test_seven_page_pdf_truncated_to_five" time="1.777"><failure message="AssertionError: {&quot;detail&quot;:&quot;File too large. Please use a file under 12MB.&quot;}&#10;assert 413 == 200&#10; +  where 413 = &lt;Response [413]&gt;.status_code">backend/tests/test_multipage_pdf.py:144: in test_seven_page_pdf_truncated_to_five
    assert r.status_code == 200, r.text
E   AssertionError: {"detail":"File too large. Please use a file under 12MB."}
E   assert 413 == 200
E    +  where 413 = &lt;Response [413]&gt;.status_code</failure></testcase><testcase classname="backend.tests.test_multipage_pdf.TestMultiPagePdf" name="test_three_page_pdf_chinese" time="27.042" /><testcase classname="backend.tests.test_klarpost_api.TestAnalyzeFlow" name="test_analyze_jpeg_english" time="16.175" /><testcase classname="backend.tests.test_klarpost_api.TestHealth" name="test_root" time="0.136" /><testcase classname="backend.tests.test_klarpost_api.TestHealth" name="test_languages" time="0.046" /></testsuite></testsuites>