<?xml version="1.0" encoding="utf-8"?><testsuites name="pytest tests"><testsuite name="pytest" errors="0" failures="0" skipped="0" tests="3" time="16.321" timestamp="2026-04-25T13:13:31.877909+00:00" hostname="agent-env-273d8dca-2d3d-4751-b3fd-52fb467d3dd1"><testcase classname="backend.tests.test_klarpost_api.TestHealth" name="test_root" time="0.208" /><testcase classname="backend.tests.test_klarpost_api.TestHealth" name="test_languages" time="0.056" /><testcase classname="backend.tests.test_klarpost_api.TestAnalyzeFlow" name="test_analyze_jpeg_english" time="16.040" /></testsuite></testsuites>