<?xml version="1.0" encoding="utf-8"?><testsuites name="pytest tests"><testsuite name="pytest" errors="0" failures="1" skipped="0" tests="8" time="35.754" timestamp="2026-04-25T15:35:07.133018+00:00" hostname="agent-env-273d8dca-2d3d-4751-b3fd-52fb467d3dd1"><testcase classname="backend.tests.test_iter8_de_simple.TestLanguagesEndpoint" name="test_languages_order_and_count" time="0.278" /><testcase classname="backend.tests.test_iter8_de_simple.TestAnalyzeUnsupported" name="test_unsupported_language_returns_400" time="0.132" /><testcase classname="backend.tests.test_iter8_de_simple.TestAnalyzeDeSimple" name="test_label_is_simple_german" time="14.975" /><testcase classname="backend.tests.test_iter8_de_simple.TestAnalyzeDeSimple" name="test_summary_is_german_text" time="0.000" /><testcase classname="backend.tests.test_iter8_de_simple.TestAnalyzeDeSimple" name="test_short_sentences_for_leichte_sprache" time="0.000" /><testcase classname="backend.tests.test_iter8_de_simple.TestAnalyzeDeSimple" name="test_inline_explanation_of_formal_terms" time="0.000"><failure message="AssertionError: 'Mahnung' mentioned but no inline explanation found. Text: die aok bayern schreibt ihnen eine mahnung. es geht um einen offenen krankenkassen-beitrag für dezember 2025 in höhe von 412,50 euro. sie sollen bis zum 28.02.2026 zahlen. das schreiben sagt: die aok hat ihr geld noch nicht bekommen. es geht um ihren beitrag zur krankenkasse (regelmäßige zahlung). die aok setzt ihnen eine frist bis 28.02.2026. wenn bis dahin kein geld kommt, kann die aok weitere s&#10;assert False">backend/tests/test_iter8_de_simple.py:128: in test_inline_explanation_of_formal_terms
    assert has_explanation, (
E   AssertionError: 'Mahnung' mentioned but no inline explanation found. Text: die aok bayern schreibt ihnen eine mahnung. es geht um einen offenen krankenkassen-beitrag für dezember 2025 in höhe von 412,50 euro. sie sollen bis zum 28.02.2026 zahlen. das schreiben sagt: die aok hat ihr geld noch nicht bekommen. es geht um ihren beitrag zur krankenkasse (regelmäßige zahlung). die aok setzt ihnen eine frist bis 28.02.2026. wenn bis dahin kein geld kommt, kann die aok weitere s
E   assert False</failure></testcase><testcase classname="backend.tests.test_iter8_de_simple.TestChatDeSimple" name="test_chat_reply_is_simple_german" time="3.773" /><testcase classname="backend.tests.test_iter8_de_simple.TestAnalyzeEnRegression" name="test_en_analyze_still_works" time="16.547" /></testsuite></testsuites>