<?xml version="1.0" encoding="utf-8"?><testsuites name="pytest tests"><testsuite name="pytest" errors="0" failures="0" skipped="0" tests="13" time="33.024" timestamp="2026-04-25T14:56:02.165435+00:00" hostname="agent-env-273d8dca-2d3d-4751-b3fd-52fb467d3dd1"><testcase classname="backend.tests.test_iter7_chat.TestRegression" name="test_root" time="0.262" /><testcase classname="backend.tests.test_iter7_chat.TestRegression" name="test_languages" time="0.055" /><testcase classname="backend.tests.test_iter7_chat.TestChatScope" name="test_on_topic_returns_documents" time="22.072" /><testcase classname="backend.tests.test_iter7_chat.TestChatScope" name="test_off_topic_code_request_refused" time="3.096" /><testcase classname="backend.tests.test_iter7_chat.TestChatScope" name="test_prompt_injection_refused" time="2.287" /><testcase classname="backend.tests.test_iter7_chat.TestChatScope" name="test_safety_no_binding_pay_advice" time="4.746" /><testcase classname="backend.tests.test_iter7_chat.TestChatHistoryAndOwnership" name="test_history_then_clear" time="0.145" /><testcase classname="backend.tests.test_iter7_chat.TestChatHistoryAndOwnership" name="test_ownership_other_device_404" time="0.045" /><testcase classname="backend.tests.test_iter7_chat.TestChatHistoryAndOwnership" name="test_messages_list_other_device_404" time="0.045" /><testcase classname="backend.tests.test_iter7_chat.TestChatValidation" name="test_empty_message_400" time="0.045" /><testcase classname="backend.tests.test_iter7_chat.TestChatValidation" name="test_whitespace_only_400" time="0.045" /><testcase classname="backend.tests.test_iter7_chat.TestChatValidation" name="test_too_long_400" time="0.044" /><testcase classname="backend.tests.test_iter7_chat.TestChatValidation" name="test_chat_unknown_analysis_404" time="0.099" /></testsuite></testsuites>