<?xml version="1.0" encoding="utf-8"?><testsuites name="pytest tests"><testsuite name="pytest" errors="0" failures="0" skipped="0" tests="5" time="74.824" timestamp="2026-04-25T13:28:49.329876+00:00" hostname="agent-env-273d8dca-2d3d-4751-b3fd-52fb467d3dd1"><testcase classname="backend.tests.test_iter5_multipage.TestPagesShape" name="test_two_image_pages_combined" time="17.030" /><testcase classname="backend.tests.test_iter5_multipage.TestPagesShape" name="test_three_pages_chinese" time="25.855" /><testcase classname="backend.tests.test_iter5_multipage.TestPagesShape" name="test_legacy_single_file_still_works_and_listed" time="16.070" /><testcase classname="backend.tests.test_iter5_multipage.TestPagesShape" name="test_empty_pages_array_returns_400" time="0.054" /><testcase classname="backend.tests.test_iter5_multipage.TestPagesShape" name="test_pages_with_pdf_entry_expands" time="15.791" /></testsuite></testsuites>