<?xml version="1.0" encoding="utf-8"?><testsuites name="pytest tests"><testsuite name="pytest" errors="0" failures="0" skipped="0" tests="10" time="105.768" timestamp="2026-04-25T09:15:21.975070+00:00" hostname="agent-env-273d8dca-2d3d-4751-b3fd-52fb467d3dd1"><testcase classname="backend.tests.test_klarpost_api.TestHealth" name="test_root" time="0.250" /><testcase classname="backend.tests.test_klarpost_api.TestHealth" name="test_languages" time="0.050" /><testcase classname="backend.tests.test_klarpost_api.TestAnalyzeValidation" name="test_unsupported_language" time="0.195" /><testcase classname="backend.tests.test_klarpost_api.TestAnalyzeValidation" name="test_unsupported_mime" time="0.159" /><testcase classname="backend.tests.test_klarpost_api.TestAnalyzeValidation" name="test_empty_file" time="0.048" /><testcase classname="backend.tests.test_klarpost_api.TestAnalyzeFlow" name="test_analyze_jpeg_english" time="16.384" /><testcase classname="backend.tests.test_klarpost_api.TestAnalyzeFlow" name="test_analyze_chinese_translation" time="21.272" /><testcase classname="backend.tests.test_klarpost_api.TestAnalyzeFlow" name="test_analyze_pdf" time="17.951" /><testcase classname="backend.tests.test_klarpost_api.TestPersistence" name="test_list_and_get_and_delete" time="16.759" /><testcase classname="backend.tests.test_klarpost_api.TestPersistence" name="test_delete_all_isolated_by_device" time="32.667" /></testsuite></testsuites>